<?xml version="1.0" encoding="UTF-8"?>
<!-- Generated by org.testng.reporters.JUnitReportReporter -->
<testsuite hostname="LAPTOP-F534TMA6" failures="0" tests="10" name="testCases.CartPageTest" time="0.014" errors="1" timestamp="26 Jan 2025 19:26:55 GMT" skipped="9">
  <testcase classname="testCases.CartPageTest" name="setUp" time="0.014">
    <error message="Cannot invoke &quot;String.equals(Object)&quot; because &quot;browserName&quot; is null" type="java.lang.NullPointerException">
      <![CDATA[java.lang.NullPointerException: Cannot invoke "String.equals(Object)" because "browserName" is null
at base.TestBase.initialization(TestBase.java:53)
at testCases.CartPageTest.setUp(CartPageTest.java:31)
at java.base/jdk.internal.reflect.DirectMethodHandleAccessor.invoke(DirectMethodHandleAccessor.java:103)
at java.base/java.lang.reflect.Method.invoke(Method.java:580)
at org.testng.internal.MethodInvocationHelper.invokeMethod(MethodInvocationHelper.java:124)
at org.testng.internal.MethodInvocationHelper.invokeMethodConsideringTimeout(MethodInvocationHelper.java:59)
at org.testng.internal.Invoker.invokeConfigurationMethod(Invoker.java:458)
at org.testng.internal.Invoker.invokeConfigurations(Invoker.java:222)
at org.testng.internal.Invoker.invokeConfigurations(Invoker.java:142)
at org.testng.TestRunner.beforeRun(TestRunner.java:529)
at org.testng.TestRunner.run(TestRunner.java:497)
at org.testng.SuiteRunner.runTest(SuiteRunner.java:455)
at org.testng.SuiteRunner.runSequentially(SuiteRunner.java:450)
at org.testng.SuiteRunner.privateRun(SuiteRunner.java:415)
at org.testng.SuiteRunner.run(SuiteRunner.java:364)
at org.testng.SuiteRunnerWorker.runSuite(SuiteRunnerWorker.java:52)
at org.testng.SuiteRunnerWorker.run(SuiteRunnerWorker.java:84)
at org.testng.TestNG.runSuitesSequentially(TestNG.java:1208)
at org.testng.TestNG.runSuitesLocally(TestNG.java:1137)
at org.testng.TestNG.runSuites(TestNG.java:1049)
at org.testng.TestNG.run(TestNG.java:1017)
at org.apache.maven.surefire.testng.TestNGExecutor.run(TestNGExecutor.java:155)
at org.apache.maven.surefire.testng.TestNGDirectoryTestSuite.executeMulti(TestNGDirectoryTestSuite.java:169)
at org.apache.maven.surefire.testng.TestNGDirectoryTestSuite.execute(TestNGDirectoryTestSuite.java:88)
at org.apache.maven.surefire.testng.TestNGProvider.invoke(TestNGProvider.java:137)
at org.apache.maven.surefire.booter.ForkedBooter.runSuitesInProcess(ForkedBooter.java:385)
at org.apache.maven.surefire.booter.ForkedBooter.execute(ForkedBooter.java:162)
at org.apache.maven.surefire.booter.ForkedBooter.run(ForkedBooter.java:507)
at org.apache.maven.surefire.booter.ForkedBooter.main(ForkedBooter.java:495)
]]>
    </error>
  </testcase> <!-- setUp -->
  <testcase classname="testCases.CartPageTest" name="addFirstProductTest" time="0.000">
    <skipped/>
  </testcase> <!-- addFirstProductTest -->
  <testcase classname="testCases.CartPageTest" name="addSecondProductTest" time="0.000">
    <skipped/>
  </testcase> <!-- addSecondProductTest -->
  <testcase classname="testCases.CartPageTest" name="addThirdProductTest" time="0.000">
    <skipped/>
  </testcase> <!-- addThirdProductTest -->
  <testcase classname="testCases.CartPageTest" name="goToCartPageTest" time="0.000">
    <skipped/>
  </testcase> <!-- goToCartPageTest -->
  <testcase classname="testCases.CartPageTest" name="getadaptorPriceValueTest" time="0.000">
    <skipped/>
  </testcase> <!-- getadaptorPriceValueTest -->
  <testcase classname="testCases.CartPageTest" name="getPhoneCasePriceValueTest" time="0.000">
    <skipped/>
  </testcase> <!-- getPhoneCasePriceValueTest -->
  <testcase classname="testCases.CartPageTest" name="deleteItemPhoneTest" time="0.000">
    <skipped/>
  </testcase> <!-- deleteItemPhoneTest -->
  <testcase classname="testCases.CartPageTest" name="getTotalCartValueTest" time="0.000">
    <skipped/>
  </testcase> <!-- getTotalCartValueTest -->
  <testcase classname="testCases.CartPageTest" name="cartAmountTotalVerification" time="0.000">
    <skipped/>
  </testcase> <!-- cartAmountTotalVerification -->
</testsuite> <!-- testCases.CartPageTest -->
